[backblue.gif]
[fade.gif]
[index.html]
[pro2-bar-s3-cdn-cf3.myportfolio.com/e94909ae-0b09-4c10-a1b6-cb771ed90df4/48954b76-433e-4f31-81ee-48fb3010a95a_rwc_0x1429x3455x1947x32e726.jpg]
[use.typekit.net/ik/Ysl-ItTi5IrjspTF52KoRg-zxRJtyL9UDvoz16S8C8GfezjgfHYEBsJzwD9oFDIDWD8RFQ6o5Qm8FRIk52iRjQ6aFD4RwRsqjDqaFhjXwDMawR6tF2SowD6-K6I7OcuoSeNkieZzde8zOcFzdP37OcozjAyRjAFRjAuzOcu8OfG0SY4zwKuh-AmaOcuoSeNkie]
[pro2-bar-s3-cdn-cf6.myportfolio.com/e94909ae-0b09-4c10-a1b6-cb771ed90df4/0ab0cfbb-b684-411b-be04-841af974f1c1_rwc_43x0x1183x667x324585.png]
[pro2-bar-s3-cdn-cf.myportfolio.com/e94909ae-0b09-4c10-a1b6-cb771ed90df4/10cc6181-8e56-4b92-8432-5df697e85f1d_rwc_0x0x1916x1080x322643.png]
[pro2-bar-s3-cdn-cf.myportfolio.com/e94909ae-0b09-4c10-a1b6-cb771ed90df4/bbde28f8-aa36-4ffa-8318-94c0d8482afc_rwc_0x673x3024x1704x32ffaf.jpg]
[pro2-bar-s3-cdn-cf3.myportfolio.com/e94909ae-0b09-4c10-a1b6-cb771ed90df4/42f4a178-1468-4702-81af-f3710b834659_rwc_0x0x1809x1020x32e5d0.png]
[pro2-bar-s3-cdn-cf5.myportfolio.com/e94909ae-0b09-4c10-a1b6-cb771ed90df4/69b2be80-d6fd-4efc-8403-e73ff7d70535_rwc_464x0x1310x738x32775b.png]
[pro2-bar-s3-cdn-cf6.myportfolio.com/e94909ae-0b09-4c10-a1b6-cb771ed90df4/ab650117-ba3f-422a-8ee0-d9662d357609_rwc_0x0x1916x1080x325a62.png]
[noahcaccamo.me/site/translationscb21]
[noahcaccamo.me/dist/js/maincb21.js]
[noahcaccamo.me/index.html]
[noahcaccamo.me/dist/css/main.css]
[pro2-bar-s3-cdn-cf2.myportfolio.com/e94909ae-0b09-4c10-a1b6-cb771ed90df4/38157e2b49544b7b77a1972cabbc9edc1613795504622a.css]
[noahcaccamo.me/work.html]
[noahcaccamo.me/contact.html]
[pro2-bar-s3-cdn-cf5.myportfolio.com/e94909ae-0b09-4c10-a1b6-cb771ed90df4/69b2be80-d6fd-4efc-8403-e73ff7d70535_rwc_464x0x1310x738x13106666.png]
[pro2-bar-s3-cdn-cf6.myportfolio.com/e94909ae-0b09-4c10-a1b6-cb771ed90df4/ab650117-ba3f-422a-8ee0-d9662d357609_rwc_0x0x1916x1080x1916779c.png]
[pro2-bar-s3-cdn-cf.myportfolio.com/e94909ae-0b09-4c10-a1b6-cb771ed90df4/10cc6181-8e56-4b92-8432-5df697e85f1d_rwc_0x0x1916x1080x19163e22.png]
[pro2-bar-s3-cdn-cf3.myportfolio.com/e94909ae-0b09-4c10-a1b6-cb771ed90df4/42f4a178-1468-4702-81af-f3710b834659_rwc_0x0x1809x1020x1809f9a1.png]
[pro2-bar-s3-cdn-cf6.myportfolio.com/e94909ae-0b09-4c10-a1b6-cb771ed90df4/0ab0cfbb-b684-411b-be04-841af974f1c1_rwc_43x0x1183x667x1183596a.png]
[pro2-bar-s3-cdn-cf.myportfolio.com/e94909ae-0b09-4c10-a1b6-cb771ed90df4/bbde28f8-aa36-4ffa-8318-94c0d8482afc_rwc_0x673x3024x1704x30240315.jpg]
[noahcaccamo.me/gigaworld.html]
[pro2-bar-s3-cdn-cf3.myportfolio.com/e94909ae-0b09-4c10-a1b6-cb771ed90df4/48954b76-433e-4f31-81ee-48fb3010a95a_rwc_0x1429x3455x1947x3455ddc7.jpg]
[noahcaccamo.me/together-alone.html]
[noahcaccamo.me/draw-together.html]
[noahcaccamo.me/contours.html]
[noahcaccamo.me/trapped.html]
[noahcaccamo.me/nekiroku.html]
[noahcaccamo.me/robot-rebel.html]
[pro2-bar-s3-cdn-cf.myportfolio.com/e94909ae-0b09-4c10-a1b6-cb771ed90df4/83ed8753a1fda53c8990b31400e8449116137955047efc.css]
[pro2-bar-s3-cdn-cf6.myportfolio.com/e94909ae-0b09-4c10-a1b6-cb771ed90df4/0c2caa162aea8a12c0dab4544ef3f1201613795504c11e.css]
[pro2-bar-s3-cdn-cf.myportfolio.com/e94909ae-0b09-4c10-a1b6-cb771ed90df4/1fe8326db405c3013078b37adaf886e8161379550409fa.css]
[pro2-bar-s3-cdn-cf3.myportfolio.com/e94909ae-0b09-4c10-a1b6-cb771ed90df4/ea75f2abc89c714e436b7a8eb14e1d051613795504a4fd.css]
